<?xml version="1.0" encoding="UTF-8"?>
<!-- Generated by org.testng.reporters.JUnitReportReporter -->
<testsuite skipped="0" hostname="Naveen-Mac.local" name="com.qa.api.gorest.tests.GetImgurAPITest" tests="3" failures="0" timestamp="20 Dec 2019 16:52:15 GMT" time="44.729" errors="0">
  <testcase name="getAccountBlockStatusTest" time="22.655" classname="com.qa.api.gorest.tests.GetImgurAPITest"/>
  <testcase name="getAccountImagesTest" time="10.034" classname="com.qa.api.gorest.tests.GetImgurAPITest"/>
  <testcase name="uploadImagePostAPITest" time="12.040" classname="com.qa.api.gorest.tests.GetImgurAPITest"/>
</testsuite> <!-- com.qa.api.gorest.tests.GetImgurAPITest -->
