<?xml version="1.0" encoding="UTF-8"?>
<!-- Generated by org.testng.reporters.JUnitReportReporter -->
<testsuite skipped="0" hostname="Naveen-Mac.local" name="com.qa.api.gorest.util.Token" tests="1" failures="0" timestamp="27 Nov 2019 16:52:18 GMT" time="3.478" errors="0">
  <testcase name="getAccessToken" time="3.478" classname="com.qa.api.gorest.util.Token"/>
</testsuite> <!-- com.qa.api.gorest.util.Token -->
