<?xml version="1.0" encoding="UTF-8"?>
<!-- Generated by org.testng.reporters.JUnitReportReporter -->
<testsuite hostname="Anshitas-MacBook-Pro.local" failures="0" tests="1" name="com.qa.api.gorest.tests.ProductTest" time="3.543" errors="0" timestamp="07 Dec 2021 07:42:34 GMT" skipped="0">
  <testcase classname="com.qa.api.gorest.tests.ProductTest" name="productTest" time="3.543"/>
</testsuite> <!-- com.qa.api.gorest.tests.ProductTest -->
