<?xml version="1.0" encoding="UTF-8"?>
<!-- Generated by org.testng.reporters.JUnitReportReporter -->
<testsuite hostname="Anshitas-MacBook-Pro.local" failures="0" tests="1" name="com.qa.api.gorest.tests.CustomerTest" time="3.157" errors="0" timestamp="06 Dec 2021 14:07:31 GMT" skipped="0">
  <testcase classname="com.qa.api.gorest.tests.CustomerTest" name="customerTest" time="3.157"/>
</testsuite> <!-- com.qa.api.gorest.tests.CustomerTest -->
